This is pdfTeX, Version 3.141592653-2.6-1.40.26 (TeX Live 2024/Arch Linux) (preloaded format=pdflatex 2024.3.26)  31 MAR 2024 18:17
entering extended mode
 restricted \write18 enabled.
 file:line:error style messages enabled.
 %&-line parsing enabled.
**/home/frank/personal-code/latex/measure-theory-analysis/Final.tex
(/home/frank/personal-code/latex/measure-theory-analysis/Final.tex
LaTeX2e <2023-11-01> patch level 1
L3 programming layer <2024-02-20>
(./TFGEPSUIB.cls
Document Class: TFGEPSUIB 2021/05/18 v1.4, Format LaTeX pel treball final de grau a l'EPS de la UIB
(/usr/share/texmf-dist/tex/latex/base/ifthen.sty
Package: ifthen 2022/04/13 v1.1d Standard LaTeX ifthen package (DPC)
) (/usr/share/texmf-dist/tex/latex/tools/calc.sty
Package: calc 2023/07/08 v4.3 Infix arithmetic (KKT,FJ)
\calc@Acount=\count188
\calc@Bcount=\count189
\calc@Adimen=\dimen140
\calc@Bdimen=\dimen141
\calc@Askip=\skip48
\calc@Bskip=\skip49
LaTeX Info: Redefining \setlength on input line 80.
LaTeX Info: Redefining \addtolength on input line 81.
\calc@Ccount=\count190
\calc@Cskip=\skip50
) (/usr/share/texmf-dist/tex/latex/memoir/memoir.cls
Document Class: memoir 2024/01/26 v3.8.2 configurable book, report, article document class
(/usr/share/texmf-dist/tex/latex/xpatch/xpatch.sty (/usr/share/texmf-dist/tex/latex/l3kernel/expl3.sty
Package: expl3 2024-02-20 L3 programming layer (loader) 
 (/usr/share/texmf-dist/tex/latex/l3backend/l3backend-pdftex.def
File: l3backend-pdftex.def 2024-02-20 L3 backend support: PDF output (pdfTeX)
\l__color_backend_stack_int=\count191
\l__pdf_internal_box=\box51
))
Package: xpatch 2020/03/25 v0.3a Extending etoolbox patching commands
 (/usr/share/texmf-dist/tex/latex/l3packages/xparse/xparse.sty
Package: xparse 2024-02-18 L3 Experimental document command parser
) (/usr/share/texmf-dist/tex/latex/etoolbox/etoolbox.sty
Package: etoolbox 2020/10/05 v2.5k e-TeX tools for LaTeX (JAW)
\etb@tempcnta=\count192
))
\onelineskip=\skip51
\lxvchars=\skip52
\xlvchars=\skip53
\@memcnta=\count193
\c@@memmarkcntra=\count194
 (/usr/share/texmf-dist/tex/generic/iftex/iftex.sty
Package: iftex 2022/02/03 v1.0f TeX engine tests
)
\trimtop=\skip54
\trimedge=\skip55
 (/usr/share/texmf-dist/tex/latex/memoir/mem11.clo
File: mem11.clo 2022/07/29 v0.5 memoir class 11pt size option
)
\binding=\skip56
\spinemargin=\skip57
\foremargin=\skip58
\uppermargin=\skip59
\lowermargin=\skip60
\headdrop=\skip61
\normalrulethickness=\skip62
\mem@maxheadheight=\skip63
\mem@maxfootheight=\skip64
\headwidth=\skip65
\c@storedpagenumber=\count195
\memPD=\dimen142
\m@mabparskip=\skip66
\thanksmarkwidth=\skip67
\thanksmarksep=\skip68
\droptitle=\skip69
\c@book=\count196
\c@part=\count197
\c@chapter=\count198
\c@section=\count199
\c@subsection=\count266
\c@subsubsection=\count267
\c@paragraph=\count268
\c@subparagraph=\count269
\beforechapskip=\skip70
\midchapskip=\skip71
\afterchapskip=\skip72
\chapindent=\skip73
\bottomsectionskip=\skip74
\secindent=\skip75
\beforesecskip=\skip76
\aftersecskip=\skip77
\subsecindent=\skip78
\beforesubsecskip=\skip79
\aftersubsecskip=\skip80
\subsubsecindent=\skip81
\beforesubsubsecskip=\skip82
\aftersubsubsecskip=\skip83
\paraindent=\skip84
\beforeparaskip=\skip85
\afterparaskip=\skip86
\subparaindent=\skip87
\beforesubparaskip=\skip88
\aftersubparaskip=\skip89
\pfbreakskip=\skip90
\c@@ppsavesec=\count270
\c@@ppsaveapp=\count271
\ragrparindent=\dimen143
\everylistparindent=\dimen144
\parsepi=\skip91
\topsepi=\skip92
\itemsepi=\skip93
\parsepii=\skip94
\topsepii=\skip95
\topsepiii=\skip96
\itemsepii=\skip97
\itemsepiii=\skip98
\partopsepii=\skip99
\partopsepiii=\skip100
\m@msavetopsep=\skip101
\m@msavepartopsep=\skip102
\@enLab=\toks17
\abstitleskip=\skip103
\absleftindent=\skip104
\abs@leftindent=\dimen145
\absrightindent=\skip105
\absparindent=\skip106
\absparsep=\skip107
\c@vslineno=\count272
\c@poemline=\count273
\c@modulo@vs=\count274
\c@memfvsline=\count275
\vleftskip=\skip108
\vrightskip=\skip109
\stanzaskip=\skip110
\versewidth=\skip111
\vgap=\skip112
\vindent=\skip113
\vleftmargin=\dimen146
\c@verse=\count276
\c@chrsinstr=\count277
\beforepoemtitleskip=\skip114
\afterpoemtitleskip=\skip115
\c@poem=\count278
\beforePoemTitleskip=\skip116
\midPoemTitleskip=\skip117
\afterPoemTitleskip=\skip118
 (/usr/share/texmf-dist/tex/latex/tools/array.sty
Package: array 2023/10/16 v2.5g Tabular extension package (FMi)
\col@sep=\dimen147
\ar@mcellbox=\box52
\extrarowheight=\dimen148
\NC@list=\toks18
\extratabsurround=\skip119
\backup@length=\skip120
\ar@cellbox=\box53
) (/usr/share/texmf-dist/tex/latex/tools/dcolumn.sty
Package: dcolumn 2023/07/08 v1.06 decimal alignment package (DPC)
) (/usr/share/texmf-dist/tex/latex/tools/delarray.sty
Package: delarray 2014/10/28 v1.01 array delimiter package (DPC)
) (/usr/share/texmf-dist/tex/latex/tools/tabularx.sty
Package: tabularx 2023/07/08 v2.11c `tabularx' package (DPC)
\TX@col@width=\dimen149
\TX@old@table=\dimen150
\TX@old@col=\dimen151
\TX@target=\dimen152
\TX@delta=\dimen153
\TX@cols=\count279
\TX@ftn=\toks19
) (/usr/share/texmf-dist/tex/latex/booktabs/booktabs.sty
Package: booktabs 2020/01/12 v1.61803398 Publication quality tables
\heavyrulewidth=\dimen154
\lightrulewidth=\dimen155
\cmidrulewidth=\dimen156
\belowrulesep=\dimen157
\belowbottomsep=\dimen158
\aboverulesep=\dimen159
\abovetopsep=\dimen160
\cmidrulesep=\dimen161
\cmidrulekern=\dimen162
\defaultaddspace=\dimen163
\@cmidla=\count280
\@cmidlb=\count281
\@aboverulesep=\dimen164
\@belowrulesep=\dimen165
\@thisruleclass=\count282
\@lastruleclass=\count283
\@thisrulewidth=\dimen166
)
\ctableftskip=\skip121
\ctabrightskip=\skip122
\abovecolumnspenalty=\count284
\@linestogo=\count285
\@cellstogo=\count286
\@cellsincolumn=\count287
\crtok=\toks20
\@mincolumnwidth=\dimen167
\c@newflo@tctr=\count288
\mem@margin@floatbox=\box54
\@contcwidth=\skip123
\@contindw=\skip124
\abovecaptionskip=\skip125
\belowcaptionskip=\skip126
\subfloattopskip=\skip127
\subfloatcapskip=\skip128
\subfloatcaptopadj=\skip129
\subfloatbottomskip=\skip130
\subfloatlabelskip=\skip131
\subfloatcapmargin=\dimen168
\c@@contsubnum=\count289
\m@mscap@capbox=\box55
\m@mscap@fbox=\box56
\sidecapsep=\dimen169
\sidecapwidth=\dimen170
\m@m@tempdima=\dimen171
\m@mscapraise=\dimen172
\sidecapraise=\dimen173
\m@mscapmainwidth=\dimen174
\m@mscaplkern=\dimen175
\beforeepigraphskip=\skip132
\afterepigraphskip=\skip133
\epigraphwidth=\skip134
\epigraphrule=\skip135
LaTeX Info: Redefining \em on input line 6932.
LaTeX Info: Redefining \emph on input line 6940.
 (/usr/share/texmf-dist/tex/latex/hyperref/nameref.sty
Package: nameref 2023-11-26 v2.56 Cross-referencing by name of section
 (/usr/share/texmf-dist/tex/latex/refcount/refcount.sty
Package: refcount 2019/12/15 v3.6 Data extraction from label references (HO)
 (/usr/share/texmf-dist/tex/generic/ltxcmds/ltxcmds.sty
Package: ltxcmds 2023-12-04 v1.26 LaTeX kernel commands for general use (HO)
) (/usr/share/texmf-dist/tex/generic/infwarerr/infwarerr.sty
Package: infwarerr 2019/12/03 v1.5 Providing info/warning/error messages (HO)
)) (/usr/share/texmf-dist/tex/generic/gettitlestring/gettitlestring.sty
Package: gettitlestring 2019/12/15 v1.6 Cleanup title references (HO)
 (/usr/share/texmf-dist/tex/latex/kvoptions/kvoptions.sty
Package: kvoptions 2022-06-15 v3.15 Key value format for package options (HO)
 (/usr/share/texmf-dist/tex/latex/graphics/keyval.sty
Package: keyval 2022/05/29 v1.15 key=value parser (DPC)
\KV@toks@=\toks21
) (/usr/share/texmf-dist/tex/latex/kvsetkeys/kvsetkeys.sty
Package: kvsetkeys 2022-10-05 v1.19 Key value parser (HO)
)))
\c@section@level=\count290
)
\tocentryskip=\skip136
\tocbaseline=\skip137
\cftparskip=\skip138
\cftbeforebookskip=\skip139
\cftbookindent=\dimen176
\cftbooknumwidth=\dimen177
\cftbeforepartskip=\skip140
\cftpartindent=\skip141
\cftpartnumwidth=\skip142
\cftbeforechapterskip=\skip143
\cftchapterindent=\skip144
\cftchapternumwidth=\skip145
\cftbeforesectionskip=\skip146
\cftsectionindent=\skip147
\cftsectionnumwidth=\skip148
\cftbeforesubsectionskip=\skip149
\cftsubsectionindent=\skip150
\cftsubsectionnumwidth=\skip151
\cftbeforesubsubsectionskip=\skip152
\cftsubsubsectionindent=\skip153
\cftsubsubsectionnumwidth=\skip154
\cftbeforeparagraphskip=\skip155
\cftparagraphindent=\skip156
\cftparagraphnumwidth=\skip157
\cftbeforesubparagraphskip=\skip158
\cftsubparagraphindent=\skip159
\cftsubparagraphnumwidth=\skip160
\prechapterprecisshift=\dimen178
\c@maxsecnumdepth=\count291
\bibindent=\dimen179
\bibitemsep=\skip161
\indexcolsep=\skip162
\indexrule=\skip163
\indexmarkstyle=\toks22
\@indexbox=\insert252
LaTeX Info: Redefining \raggedbottom on input line 7935.
LaTeX Info: Redefining \flushbottom on input line 7939.
\glossarycolsep=\dimen180
\glossaryrule=\dimen181
\sideparvshift=\skip164
\sideins=\insert251
\sidebartopsep=\skip165
\sidebarhsep=\skip166
\sidebarvsep=\skip167
\sidebarwidth=\skip168
\footmarkwidth=\skip169
\footmarksep=\skip170
\footparindent=\skip171
\footinsdim=\skip172
\footinsv@r=\insert250
\@mpfootinsv@r=\insert249
\m@m@k=\count292
\m@m@h=\dimen182
\m@mipn@skip=\skip173
\sidefootins=\insert248
\sidefootadjust=\skip174
\sidefootheight=\skip175
\sidefoothsep=\skip176
\sidefootvsep=\skip177
\sidefootwidth=\skip178
\m@mdownsf=\skip179
\c@sidefootnote=\count293
\sidefootmarkwidth=\skip180
\sidefootmarksep=\skip181
\sidefootparindent=\skip182
\c@pagenote=\count294
\c@pagenoteshadow=\count295
\mem@pn@lastkern=\skip183
 (/usr/share/texmf-dist/tex/latex/tools/verbatim.sty
Package: verbatim 2023-11-06 v1.5v LaTeX2e package for verbatim enhancements
\every@verbatim=\toks23
\verbatim@line=\toks24
\verbatim@in@stream=\read2
)
\verbatimindent=\skip184
\verbatim@out=\write3
 (/usr/share/texmf-dist/tex/latex/base/shortvrb.sty
Package: shortvrb 2022/11/13 v3.0m Standard LaTeX documentation package V3 (FMi)
)
\bvboxsep=\skip185
\c@memfbvline=\count296
\c@bvlinectr=\count297
\bvnumlength=\skip186
\fb@frw=\dimen183
\fb@frh=\dimen184
\FrameRule=\dimen185
\FrameSep=\dimen186
\c@cp@cntr=\count298
\c@ism@mctr=\count299
\c@xsm@mctr=\count300
\c@csm@mctr=\count301
\c@ksm@mctr=\count302
\c@xksm@mctr=\count303
\c@cksm@mctr=\count304
\c@msm@mctr=\count305
\c@xmsm@mctr=\count306
\c@cmsm@mctr=\count307
\c@bsm@mctr=\count308
\c@workm@mctr=\count309
\c@sheetsequence=\count310
\c@lastsheet=\count311
\c@lastpage=\count312
 (/usr/share/texmf-dist/tex/latex/textcase/textcase.sty
Package: textcase 2023/07/27 v1.04 Text only upper/lower case changing (DPC)
Package textcase Info: Defining Legacy names on input line 20.
)
\c@figure=\count313
\c@lofdepth=\count314
\cftbeforefigureskip=\skip187
\cftfigureindent=\skip188
\cftfigurenumwidth=\skip189
\c@table=\count315
\c@lotdepth=\count316
\cftbeforetableskip=\skip190
\cfttableindent=\skip191
\cfttablenumwidth=\skip192
Package abstract [2008/07/23] emulated by memoir.
Package appendix [2008/07/23] emulated by memoir.
Package ccaption [2008/07/23] emulated by memoir.
Package changepage [2008/07/23] emulated by memoir.
Package chngcntr [2008/07/23] emulated by memoir.
Package chngpage [2008/07/23] emulated by memoir.
Package crop emulated by memoir.
Package enumerate [2008/07/23] emulated by memoir.
Package epigraph [2008/07/23] emulated by memoir.
Package ifmtarg [2008/07/23] emulated by memoir.
Package index [2008/07/23] emulated by memoir.
Package makeidx [2008/07/23] emulated by memoir.
Package moreverb [2008/07/23] emulated by memoir.
Package needspace [2008/07/23] emulated by memoir.
Package newfile [2008/07/23] emulated by memoir.
Package nextpage [2008/07/23] emulated by memoir.
Package pagenote [2008/07/23] emulated by memoir.
Package parskip [2008/07/23] emulated by memoir.
Package patchcmd [2008/07/23] emulated by memoir.
Package setspace [2008/07/23] emulated by memoir.
Package shortvrb [2008/07/23] emulated by memoir.
Package showidx [2008/07/23] emulated by memoir.
Package titleref [2008/07/23] emulated by memoir.
Package titling [2008/07/23] emulated by memoir.
Package tocbibind [2008/07/23] emulated by memoir.
Package tocloft [2008/07/23] emulated by memoir.
Package tocvsec2 [2008/07/23] emulated by memoir.
Package verbatim [2008/07/23] emulated by memoir.
Package verse [2008/07/23] emulated by memoir.
) (/usr/share/texmf-dist/tex/latex/xcolor/xcolor.sty
Package: xcolor 2023/11/15 v3.01 LaTeX color extensions (UK)
 (/usr/share/texmf-dist/tex/latex/graphics-cfg/color.cfg
File: color.cfg 2016/01/02 v1.6 sample color configuration
)
Package xcolor Info: Driver file: pdftex.def on input line 274.
 (/usr/share/texmf-dist/tex/latex/graphics-def/pdftex.def
File: pdftex.def 2022/09/22 v1.2b Graphics/color driver for pdftex
) (/usr/share/texmf-dist/tex/latex/graphics/mathcolor.ltx)
Package xcolor Info: Model `cmy' substituted by `cmy0' on input line 1350.
Package xcolor Info: Model `hsb' substituted by `rgb' on input line 1354.
Package xcolor Info: Model `RGB' extended on input line 1366.
Package xcolor Info: Model `HTML' substituted by `rgb' on input line 1368.
Package xcolor Info: Model `Hsb' substituted by `hsb' on input line 1369.
Package xcolor Info: Model `tHsb' substituted by `hsb' on input line 1370.
Package xcolor Info: Model `HSB' substituted by `hsb' on input line 1371.
Package xcolor Info: Model `Gray' substituted by `gray' on input line 1372.
Package xcolor Info: Model `wave' substituted by `hsb' on input line 1373.
) (/usr/share/texmf-dist/tex/latex/colortbl/colortbl.sty
Package: colortbl 2024/02/20 v1.0g Color table columns (DPC)
\everycr=\toks25
\minrowclearance=\skip193
\rownum=\count317
) (/usr/share/texmf-dist/tex/latex/eso-pic/eso-pic.sty
Package: eso-pic 2023/05/03 v3.0c eso-pic (RN)
\ESO@tempdima=\dimen187
\ESO@tempdimb=\dimen188
) (/usr/share/texmf-dist/tex/latex/graphics/graphicx.sty
Package: graphicx 2021/09/16 v1.2d Enhanced LaTeX Graphics (DPC,SPQR)
 (/usr/share/texmf-dist/tex/latex/graphics/graphics.sty
Package: graphics 2022/03/10 v1.4e Standard LaTeX Graphics (DPC,SPQR)
 (/usr/share/texmf-dist/tex/latex/graphics/trig.sty
Package: trig 2021/08/11 v1.11 sin cos tan (DPC)
) (/usr/share/texmf-dist/tex/latex/graphics-cfg/graphics.cfg
File: graphics.cfg 2016/06/04 v1.11 sample graphics configuration
)
Package graphics Info: Driver file: pdftex.def on input line 107.
)
\Gin@req@height=\dimen189
\Gin@req@width=\dimen190
) (/usr/share/texmf-dist/tex/latex/base/fontenc.sty
Package: fontenc 2021/04/29 v2.0v Standard LaTeX package
) (/usr/share/texmf-dist/tex/latex/base/inputenc.sty
Package: inputenc 2021/02/14 v1.3d Input encoding file
\inpenc@prehook=\toks26
\inpenc@posthook=\toks27
) (/usr/share/texmf-dist/tex/latex/lm/lmodern.sty
Package: lmodern 2015/05/01 v1.6.1 Latin Modern Fonts
LaTeX Font Info:    Overwriting symbol font `operators' in version `normal'
(Font)                  OT1/cmr/m/n --> OT1/lmr/m/n on input line 22.
LaTeX Font Info:    Overwriting symbol font `letters' in version `normal'
(Font)                  OML/cmm/m/it --> OML/lmm/m/it on input line 23.
LaTeX Font Info:    Overwriting symbol font `symbols' in version `normal'
(Font)                  OMS/cmsy/m/n --> OMS/lmsy/m/n on input line 24.
LaTeX Font Info:    Overwriting symbol font `largesymbols' in version `normal'
(Font)                  OMX/cmex/m/n --> OMX/lmex/m/n on input line 25.
LaTeX Font Info:    Overwriting symbol font `operators' in version `bold'
(Font)                  OT1/cmr/bx/n --> OT1/lmr/bx/n on input line 26.
LaTeX Font Info:    Overwriting symbol font `letters' in version `bold'
(Font)                  OML/cmm/b/it --> OML/lmm/b/it on input line 27.
LaTeX Font Info:    Overwriting symbol font `symbols' in version `bold'
(Font)                  OMS/cmsy/b/n --> OMS/lmsy/b/n on input line 28.
LaTeX Font Info:    Overwriting symbol font `largesymbols' in version `bold'
(Font)                  OMX/cmex/m/n --> OMX/lmex/m/n on input line 29.
LaTeX Font Info:    Overwriting math alphabet `\mathbf' in version `normal'
(Font)                  OT1/cmr/bx/n --> OT1/lmr/bx/n on input line 31.
LaTeX Font Info:    Overwriting math alphabet `\mathsf' in version `normal'
(Font)                  OT1/cmss/m/n --> OT1/lmss/m/n on input line 32.
LaTeX Font Info:    Overwriting math alphabet `\mathit' in version `normal'
(Font)                  OT1/cmr/m/it --> OT1/lmr/m/it on input line 33.
LaTeX Font Info:    Overwriting math alphabet `\mathtt' in version `normal'
(Font)                  OT1/cmtt/m/n --> OT1/lmtt/m/n on input line 34.
LaTeX Font Info:    Overwriting math alphabet `\mathbf' in version `bold'
(Font)                  OT1/cmr/bx/n --> OT1/lmr/bx/n on input line 35.
LaTeX Font Info:    Overwriting math alphabet `\mathsf' in version `bold'
(Font)                  OT1/cmss/bx/n --> OT1/lmss/bx/n on input line 36.
LaTeX Font Info:    Overwriting math alphabet `\mathit' in version `bold'
(Font)                  OT1/cmr/bx/it --> OT1/lmr/bx/it on input line 37.
LaTeX Font Info:    Overwriting math alphabet `\mathtt' in version `bold'
(Font)                  OT1/cmtt/m/n --> OT1/lmtt/m/n on input line 38.
) (/usr/share/texmf-dist/tex/generic/soul/soul.sty
Package: soul 2023-06-14 v3.1 Permit use of UTF-8 characters in soul (HO)
 (/usr/share/texmf-dist/tex/generic/soul/soul-ori.sty
Package: soul-ori 2023-06-14 v3.1 letterspacing/underlining (mf)
\SOUL@word=\toks28
\SOUL@lasttoken=\toks29
\SOUL@syllable=\toks30
\SOUL@cmds=\toks31
\SOUL@buffer=\toks32
\SOUL@token=\toks33
\SOUL@syllgoal=\dimen191
\SOUL@syllwidth=\dimen192
\SOUL@charkern=\dimen193
\SOUL@hyphkern=\dimen194
\SOUL@dimen=\dimen195
\SOUL@dimeni=\dimen196
\SOUL@minus=\count318
\SOUL@comma=\count319
\SOUL@apo=\count320
\SOUL@grave=\count321
\SOUL@spaceskip=\skip194
\SOUL@ttwidth=\dimen197
\SOUL@uldp=\dimen198
\SOUL@ulht=\dimen199
) (/usr/share/texmf-dist/tex/generic/etexcmds/etexcmds.sty
Package: etexcmds 2019/12/15 v1.7 Avoid name clashes with e-TeX commands (HO)
)) (/usr/share/texmf-dist/tex/latex/fourier/fourier.sty
Package: fourier 2022/02/05 2.3 fourier-GUTenberg package
Now handling font encoding FML ...
... no UTF-8 mapping file for font encoding FML
Now handling font encoding FMS ...
... no UTF-8 mapping file for font encoding FMS
Now handling font encoding FMX ...
... no UTF-8 mapping file for font encoding FMX
 (/usr/share/texmf-dist/tex/latex/base/fontenc.sty
Package: fontenc 2021/04/29 v2.0v Standard LaTeX package
LaTeX Font Info:    Trying to load font information for T1+futs on input line 112.
 (/usr/share/texmf-dist/tex/latex/fourier/t1futs.fd
File: t1futs.fd 2004/03/02 Fontinst v1.926 font definitions for T1/futs.
)) (/usr/share/texmf-dist/tex/latex/base/textcomp.sty
Package: textcomp 2020/02/02 v2.0n Standard LaTeX package
) (/usr/share/texmf-dist/tex/latex/fourier/fourier-orns.sty
Package: fourier-orns 2022/02/05 2.3 fourier-ornaments package
)
LaTeX Font Info:    Redeclaring symbol font `operators' on input line 63.
LaTeX Font Info:    Encoding `OT1' has changed to `T1' for symbol font
(Font)              `operators' in the math version `normal' on input line 63.
LaTeX Font Info:    Overwriting symbol font `operators' in version `normal'
(Font)                  OT1/lmr/m/n --> T1/futs/m/n on input line 63.
LaTeX Font Info:    Encoding `OT1' has changed to `T1' for symbol font
(Font)              `operators' in the math version `bold' on input line 63.
LaTeX Font Info:    Overwriting symbol font `operators' in version `bold'
(Font)                  OT1/lmr/bx/n --> T1/futs/m/n on input line 63.
LaTeX Font Info:    Overwriting symbol font `operators' in version `bold'
(Font)                  T1/futs/m/n --> T1/futs/b/n on input line 64.
LaTeX Font Info:    Redeclaring symbol font `letters' on input line 72.
LaTeX Font Info:    Encoding `OML' has changed to `FML' for symbol font
(Font)              `letters' in the math version `normal' on input line 72.
LaTeX Font Info:    Overwriting symbol font `letters' in version `normal'
(Font)                  OML/lmm/m/it --> FML/futmi/m/it on input line 72.
LaTeX Font Info:    Encoding `OML' has changed to `FML' for symbol font
(Font)              `letters' in the math version `bold' on input line 72.
LaTeX Font Info:    Overwriting symbol font `letters' in version `bold'
(Font)                  OML/lmm/b/it --> FML/futmi/m/it on input line 72.
\symotherletters=\mathgroup4
LaTeX Font Info:    Overwriting symbol font `letters' in version `bold'
(Font)                  FML/futmi/m/it --> FML/futmi/b/it on input line 74.
LaTeX Font Info:    Overwriting symbol font `otherletters' in version `bold'
(Font)                  FML/futm/m/it --> FML/futm/b/it on input line 75.
LaTeX Font Info:    Redeclaring math symbol \Gamma on input line 76.
LaTeX Font Info:    Redeclaring math symbol \Delta on input line 77.
LaTeX Font Info:    Redeclaring math symbol \Theta on input line 78.
LaTeX Font Info:    Redeclaring math symbol \Lambda on input line 79.
LaTeX Font Info:    Redeclaring math symbol \Xi on input line 80.
LaTeX Font Info:    Redeclaring math symbol \Pi on input line 81.
LaTeX Font Info:    Redeclaring math symbol \Sigma on input line 82.
LaTeX Font Info:    Redeclaring math symbol \Upsilon on input line 83.
LaTeX Font Info:    Redeclaring math symbol \Phi on input line 84.
LaTeX Font Info:    Redeclaring math symbol \Psi on input line 85.
LaTeX Font Info:    Redeclaring math symbol \Omega on input line 86.
LaTeX Font Info:    Redeclaring symbol font `symbols' on input line 126.
LaTeX Font Info:    Encoding `OMS' has changed to `FMS' for symbol font
(Font)              `symbols' in the math version `normal' on input line 126.
LaTeX Font Info:    Overwriting symbol font `symbols' in version `normal'
(Font)                  OMS/lmsy/m/n --> FMS/futm/m/n on input line 126.
LaTeX Font Info:    Encoding `OMS' has changed to `FMS' for symbol font
(Font)              `symbols' in the math version `bold' on input line 126.
LaTeX Font Info:    Overwriting symbol font `symbols' in version `bold'
(Font)                  OMS/lmsy/b/n --> FMS/futm/m/n on input line 126.
LaTeX Font Info:    Redeclaring symbol font `largesymbols' on input line 127.
LaTeX Font Info:    Encoding `OMX' has changed to `FMX' for symbol font
(Font)              `largesymbols' in the math version `normal' on input line 127.
LaTeX Font Info:    Overwriting symbol font `largesymbols' in version `normal'
(Font)                  OMX/lmex/m/n --> FMX/futm/m/n on input line 127.
LaTeX Font Info:    Encoding `OMX' has changed to `FMX' for symbol font
(Font)              `largesymbols' in the math version `bold' on input line 127.
LaTeX Font Info:    Overwriting symbol font `largesymbols' in version `bold'
(Font)                  OMX/lmex/m/n --> FMX/futm/m/n on input line 127.
LaTeX Font Info:    Redeclaring math alphabet \mathbf on input line 128.
LaTeX Font Info:    Overwriting math alphabet `\mathbf' in version `normal'
(Font)                  OT1/lmr/bx/n --> T1/futs/bx/n on input line 128.
LaTeX Font Info:    Overwriting math alphabet `\mathbf' in version `bold'
(Font)                  OT1/lmr/bx/n --> T1/futs/bx/n on input line 128.
LaTeX Font Info:    Redeclaring math alphabet \mathrm on input line 129.
LaTeX Font Info:    Redeclaring math alphabet \mathit on input line 130.
LaTeX Font Info:    Overwriting math alphabet `\mathit' in version `normal'
(Font)                  OT1/lmr/m/it --> T1/futs/m/it on input line 130.
LaTeX Font Info:    Overwriting math alphabet `\mathit' in version `bold'
(Font)                  OT1/lmr/bx/it --> T1/futs/m/it on input line 130.
LaTeX Font Info:    Redeclaring math alphabet \mathcal on input line 131.
LaTeX Font Info:    Redeclaring math symbol \parallel on input line 147.
LaTeX Font Info:    Redeclaring math symbol \hbar on input line 161.
LaTeX Font Info:    Redeclaring math symbol \varkappa on input line 199.
LaTeX Font Info:    Redeclaring math symbol \varvarrho on input line 200.
LaTeX Font Info:    Redeclaring math delimiter \Vert on input line 223.
LaTeX Font Info:    Redeclaring math delimiter \vert on input line 228.
LaTeX Font Info:    Redeclaring math delimiter \Downarrow on input line 238.
LaTeX Font Info:    Redeclaring math delimiter \backslash on input line 240.
LaTeX Font Info:    Redeclaring math delimiter \rangle on input line 242.
LaTeX Font Info:    Redeclaring math delimiter \langle on input line 244.
LaTeX Font Info:    Redeclaring math delimiter \rbrace on input line 246.
LaTeX Font Info:    Redeclaring math delimiter \lbrace on input line 248.
LaTeX Font Info:    Redeclaring math delimiter \rceil on input line 250.
LaTeX Font Info:    Redeclaring math delimiter \lceil on input line 252.
LaTeX Font Info:    Redeclaring math delimiter \rfloor on input line 254.
LaTeX Font Info:    Redeclaring math delimiter \lfloor on input line 256.
LaTeX Font Info:    Redeclaring math accent \acute on input line 260.
LaTeX Font Info:    Redeclaring math accent \grave on input line 261.
LaTeX Font Info:    Redeclaring math accent \ddot on input line 262.
LaTeX Font Info:    Redeclaring math accent \tilde on input line 263.
LaTeX Font Info:    Redeclaring math accent \bar on input line 264.
LaTeX Font Info:    Redeclaring math accent \breve on input line 265.
LaTeX Font Info:    Redeclaring math accent \check on input line 266.
LaTeX Font Info:    Redeclaring math accent \hat on input line 267.
LaTeX Font Info:    Redeclaring math accent \dot on input line 268.
LaTeX Font Info:    Redeclaring math accent \mathring on input line 269.
\symUfutm=\mathgroup5
) (/usr/share/texmf-dist/tex/latex/amsfonts/amssymb.sty
Package: amssymb 2013/01/14 v3.01 AMS font symbols
 (/usr/share/texmf-dist/tex/latex/amsfonts/amsfonts.sty
Package: amsfonts 2013/01/14 v3.01 Basic AMSFonts support
\@emptytoks=\toks34
\symAMSa=\mathgroup6
\symAMSb=\mathgroup7
LaTeX Font Info:    Overwriting math alphabet `\mathfrak' in version `bold'
(Font)                  U/euf/m/n --> U/euf/b/n on input line 106.
LaTeX Font Info:    Redeclaring math symbol \square on input line 141.
)
LaTeX Font Info:    Redeclaring math symbol \blacksquare on input line 48.
LaTeX Font Info:    Redeclaring math symbol \vDash on input line 60.
LaTeX Font Info:    Redeclaring math symbol \leftleftarrows on input line 63.
LaTeX Font Info:    Redeclaring math symbol \rightrightarrows on input line 64.
LaTeX Font Info:    Redeclaring math symbol \leqslant on input line 101.
LaTeX Font Info:    Redeclaring math symbol \geqslant on input line 108.
LaTeX Font Info:    Redeclaring math symbol \blacktriangleright on input line 120.
LaTeX Font Info:    Redeclaring math symbol \blacktriangleleft on input line 121.
LaTeX Font Info:    Redeclaring math symbol \complement on input line 165.
LaTeX Font Info:    Redeclaring math symbol \intercal on input line 166.
LaTeX Font Info:    Redeclaring math symbol \nleqslant on input line 181.
LaTeX Font Info:    Redeclaring math symbol \ngeqslant on input line 182.
LaTeX Font Info:    Redeclaring math symbol \varsubsetneq on input line 203.
LaTeX Font Info:    Redeclaring math symbol \subsetneqq on input line 207.
LaTeX Font Info:    Redeclaring math symbol \nparallel on input line 215.
LaTeX Font Info:    Redeclaring math symbol \nvDash on input line 221.
LaTeX Font Info:    Redeclaring math symbol \nexists on input line 235.
LaTeX Font Info:    Redeclaring math symbol \smallsetminus on input line 251.
LaTeX Font Info:    Redeclaring math symbol \curvearrowleft on input line 257.
LaTeX Font Info:    Redeclaring math symbol \curvearrowright on input line 258.
LaTeX Font Info:    Redeclaring math symbol \varkappa on input line 260.
LaTeX Font Info:    Redeclaring math symbol \hslash on input line 262.
) (/usr/share/texmf-dist/tex/latex/multirow/multirow.sty
Package: multirow 2021/03/15 v2.8 Span multiple rows of a table
\multirow@colwidth=\skip195
\multirow@cntb=\count322
\multirow@dima=\skip196
\bigstrutjot=\dimen256
) (/usr/share/texmf-dist/tex/generic/babel/babel.sty
Package: babel 2024/02/07 v24.2 The Babel package
\babel@savecnt=\count323
\U@D=\dimen257
\l@unhyphenated=\language89
 (/usr/share/texmf-dist/tex/generic/babel/txtbabel.def)
\bbl@readstream=\read3
\bbl@dirlevel=\count324
Package babel Info: Main language set with 'main='. Except if you have
(babel)             problems, prefer the default mechanism for setting
(babel)             the main language, ie, as the last declared.
(babel)             Reported on input line 4169.
 (/usr/share/texmf-dist/tex/generic/babel-english/english.ldf
Language: english 2017/06/06 v3.3r English support from the babel system
Package babel Info: Hyphen rules for 'canadian' set to \l@english
(babel)             (\language0). Reported on input line 102.
Package babel Info: Hyphen rules for 'australian' set to \l@ukenglish
(babel)             (\language19). Reported on input line 105.
Package babel Info: Hyphen rules for 'newzealand' set to \l@ukenglish
(babel)             (\language19). Reported on input line 108.
) (/usr/share/texmf-dist/tex/generic/babel-spanish/spanish.ldf
Language: spanish.ldf 2021/05/27 v5.0q Spanish support from the babel system
\es@quottoks=\toks35
\es@quotdepth=\count325
Package babel Info: Making " an active character on input line 570.
Package babel Info: Making . an active character on input line 675.
Package babel Info: Making < an active character on input line 722.
Package babel Info: Making > an active character on input line 722.
) (/usr/share/texmf-dist/tex/generic/babel-catalan/catalan.ldf
Language: catalan 2005/03/29 v2.2p Catalan support from the babel system
\leftllkern=\dimen258
\rightllkern=\dimen259
\raiselldim=\dimen260
)) (/usr/share/texmf-dist/tex/generic/babel/locale/ca/babel-catalan.tex
Package babel Info: Importing font and identification data for catalan
(babel)             from babel-ca.ini. Reported on input line 11.
) (/usr/share/texmf-dist/tex/generic/babel/locale/es/babel-spanish.tex
Package babel Info: Importing font and identification data for spanish
(babel)             from babel-es.ini. Reported on input line 11.
) (/usr/share/texmf-dist/tex/generic/babel/locale/en/babel-english.tex
Package babel Info: Importing font and identification data for english
(babel)             from babel-en.ini. Reported on input line 11.
)
\dlf@normtxtw=\skip197
\feline@chapter=\box57


******************************************************
Stock height and width: 845.04684pt by 597.50787pt
Top and edge trims: 0pt and 0pt
Page height and width: 845.04684pt by 597.50787pt
Text height and width: 636.60028pt by 387pt
Spine and edge margins: 90pt and 120pt
Upper and lower margins: 120pt and 88.44656pt
Headheight and headsep: 13.6pt and 19.8738pt
Footskip: 27.46295pt
Columnsep and columnseprule: 10pt and 0pt
Marginparsep and marginparwidth: 7pt and 106pt
Sidecapsep and sidecapwidth: 7pt and 101pt
Sidebarhsep and sidebarwidth: 7pt and 101pt
Sidebarvsep and sidebartopsep: 13.6pt and 0pt
Sidebarheight: 594.32022pt
Sidefoothsep and sidefootwidth: 7pt and 101pt
Sidefootvsep and sidefootheight: 13.6pt and 594.32022pt
******************************************************

) (/usr/share/texmf-dist/tex/latex/microtype/microtype.sty
Package: microtype 2023/03/13 v3.1a Micro-typographical refinements (RS)
\MT@toks=\toks36
\MT@tempbox=\box58
\MT@count=\count326
LaTeX Info: Redefining \noprotrusionifhmode on input line 1059.
LaTeX Info: Redefining \leftprotrusion on input line 1060.
\MT@prot@toks=\toks37
LaTeX Info: Redefining \rightprotrusion on input line 1078.
LaTeX Info: Redefining \textls on input line 1368.
\MT@outer@kern=\dimen261
LaTeX Info: Redefining \textmicrotypecontext on input line 1988.
\MT@listname@count=\count327
 (/usr/share/texmf-dist/tex/latex/microtype/microtype-pdftex.def
File: microtype-pdftex.def 2023/03/13 v3.1a Definitions specific to pdftex (RS)
LaTeX Info: Redefining \lsstyle on input line 902.
LaTeX Info: Redefining \lslig on input line 902.
\MT@outer@space=\skip198
)
Package microtype Info: Loading configuration file microtype.cfg.
 (/usr/share/texmf-dist/tex/latex/microtype/microtype.cfg
File: microtype.cfg 2023/03/13 v3.1a microtype main configuration file (RS)
)) (/usr/share/texmf-dist/tex/latex/acronym/acronym.sty
Package: acronym 2020/04/17 v1.47 Support for acronyms (Tobias Oetiker)
 (/usr/share/texmf-dist/tex/latex/bigfoot/suffix.sty
Package: suffix 2006/07/15 1.5a Variant command support
) (/usr/share/texmf-dist/tex/generic/xstring/xstring.sty (/usr/share/texmf-dist/tex/generic/xstring/xstring.tex
\xs_counta=\count328
\xs_countb=\count329
)
Package: xstring 2023/08/22 v1.86 String manipulations (CT)
)
\AC@clearlist=\toks38
) (/usr/share/texmf-dist/tex/latex/siunitx/siunitx.sty
Package: siunitx 2024-02-15 v3.3.12 A comprehensive (SI) units package
\l__siunitx_number_uncert_offset_int=\count330
\l__siunitx_number_exponent_fixed_int=\count331
\l__siunitx_number_min_decimal_int=\count332
\l__siunitx_number_min_integer_int=\count333
\l__siunitx_number_round_precision_int=\count334
\l__siunitx_number_lower_threshold_int=\count335
\l__siunitx_number_upper_threshold_int=\count336
\l__siunitx_number_group_first_int=\count337
\l__siunitx_number_group_size_int=\count338
\l__siunitx_number_group_minimum_int=\count339
\l__siunitx_angle_tmp_dim=\dimen262
\l__siunitx_angle_marker_box=\box59
\l__siunitx_angle_unit_box=\box60
\l__siunitx_compound_count_int=\count340
 (/usr/share/texmf-dist/tex/latex/translations/translations.sty
Package: translations 2022/02/05 v1.12 internationalization of LaTeX2e packages (CN)
 (/usr/share/texmf-dist/tex/generic/pdftexcmds/pdftexcmds.sty
Package: pdftexcmds 2020-06-27 v0.33 Utility functions of pdfTeX for LuaTeX (HO)
Package pdftexcmds Info: \pdf@primitive is available.
Package pdftexcmds Info: \pdf@ifprimitive is available.
Package pdftexcmds Info: \pdfdraftmode found.
)) (/usr/share/texmf-dist/tex/latex/amsmath/amstext.sty
Package: amstext 2021/08/26 v2.01 AMS text
 (/usr/share/texmf-dist/tex/latex/amsmath/amsgen.sty
File: amsgen.sty 1999/11/30 v2.0 generic functions
\@emptytoks=\toks39
\ex@=\dimen263
))
\l__siunitx_table_tmp_box=\box61
\l__siunitx_table_tmp_dim=\dimen264
\l__siunitx_table_column_width_dim=\dimen265
\l__siunitx_table_integer_box=\box62
\l__siunitx_table_decimal_box=\box63
\l__siunitx_table_uncert_box=\box64
\l__siunitx_table_before_box=\box65
\l__siunitx_table_after_box=\box66
\l__siunitx_table_before_dim=\dimen266
\l__siunitx_table_carry_dim=\dimen267
\l__siunitx_unit_tmp_int=\count341
\l__siunitx_unit_position_int=\count342
\l__siunitx_unit_total_int=\count343
) (/usr/share/texmf-dist/tex/latex/tikz-cd/tikz-cd.sty
Package: tikz-cd 2021/05/04 v1.0 Commutative diagrams with TikZ
 (/usr/share/texmf-dist/tex/latex/pgf/frontendlayer/tikz.sty (/usr/share/texmf-dist/tex/latex/pgf/basiclayer/pgf.sty (/usr/share/texmf-dist/tex/latex/pgf/utilities/pgfrcs.sty (/usr/share/texmf-dist/tex/generic/pgf/utilities/pgfutil-common.tex
\pgfutil@everybye=\toks40
\pgfutil@tempdima=\dimen268
\pgfutil@tempdimb=\dimen269
) (/usr/share/texmf-dist/tex/generic/pgf/utilities/pgfutil-latex.def
\pgfutil@abb=\box67
) (/usr/share/texmf-dist/tex/generic/pgf/utilities/pgfrcs.code.tex (/usr/share/texmf-dist/tex/generic/pgf/pgf.revision.tex)
Package: pgfrcs 2023-01-15 v3.1.10 (3.1.10)
))
Package: pgf 2023-01-15 v3.1.10 (3.1.10)
 (/usr/share/texmf-dist/tex/latex/pgf/basiclayer/pgfcore.sty (/usr/share/texmf-dist/tex/latex/pgf/systemlayer/pgfsys.sty (/usr/share/texmf-dist/tex/generic/pgf/systemlayer/pgfsys.code.tex
Package: pgfsys 2023-01-15 v3.1.10 (3.1.10)
 (/usr/share/texmf-dist/tex/generic/pgf/utilities/pgfkeys.code.tex
\pgfkeys@pathtoks=\toks41
\pgfkeys@temptoks=\toks42
 (/usr/share/texmf-dist/tex/generic/pgf/utilities/pgfkeyslibraryfiltered.code.tex
\pgfkeys@tmptoks=\toks43
))
\pgf@x=\dimen270
\pgf@y=\dimen271
\pgf@xa=\dimen272
\pgf@ya=\dimen273
\pgf@xb=\dimen274
\pgf@yb=\dimen275
\pgf@xc=\dimen276
\pgf@yc=\dimen277
\pgf@xd=\dimen278
\pgf@yd=\dimen279
\w@pgf@writea=\write4
\r@pgf@reada=\read4
\c@pgf@counta=\count344
\c@pgf@countb=\count345
\c@pgf@countc=\count346
\c@pgf@countd=\count347
\t@pgf@toka=\toks44
\t@pgf@tokb=\toks45
\t@pgf@tokc=\toks46
\pgf@sys@id@count=\count348
 (/usr/share/texmf-dist/tex/generic/pgf/systemlayer/pgf.cfg
File: pgf.cfg 2023-01-15 v3.1.10 (3.1.10)
)
Driver file for pgf: pgfsys-pdftex.def
 (/usr/share/texmf-dist/tex/generic/pgf/systemlayer/pgfsys-pdftex.def
File: pgfsys-pdftex.def 2023-01-15 v3.1.10 (3.1.10)
 (/usr/share/texmf-dist/tex/generic/pgf/systemlayer/pgfsys-common-pdf.def
File: pgfsys-common-pdf.def 2023-01-15 v3.1.10 (3.1.10)
))) (/usr/share/texmf-dist/tex/generic/pgf/systemlayer/pgfsyssoftpath.code.tex
File: pgfsyssoftpath.code.tex 2023-01-15 v3.1.10 (3.1.10)
\pgfsyssoftpath@smallbuffer@items=\count349
\pgfsyssoftpath@bigbuffer@items=\count350
) (/usr/share/texmf-dist/tex/generic/pgf/systemlayer/pgfsysprotocol.code.tex
File: pgfsysprotocol.code.tex 2023-01-15 v3.1.10 (3.1.10)
)) (/usr/share/texmf-dist/tex/generic/pgf/basiclayer/pgfcore.code.tex
Package: pgfcore 2023-01-15 v3.1.10 (3.1.10)
 (/usr/share/texmf-dist/tex/generic/pgf/math/pgfmath.code.tex (/usr/share/texmf-dist/tex/generic/pgf/math/pgfmathutil.code.tex) (/usr/share/texmf-dist/tex/generic/pgf/math/pgfmathparser.code.tex
\pgfmath@dimen=\dimen280
\pgfmath@count=\count351
\pgfmath@box=\box68
\pgfmath@toks=\toks47
\pgfmath@stack@operand=\toks48
\pgfmath@stack@operation=\toks49
) (/usr/share/texmf-dist/tex/generic/pgf/math/pgfmathfunctions.code.tex) (/usr/share/texmf-dist/tex/generic/pgf/math/pgfmathfunctions.basic.code.tex) (/usr/share/texmf-dist/tex/generic/pgf/math/pgfmathfunctions.trigonometric.code.tex) (/usr/share/texmf-dist/tex/generic/pgf/math/pgfmathfunctions.random.code.tex) (/usr/share/texmf-dist/tex/generic/pgf/math/pgfmathfunctions.comparison.code.tex) (/usr/share/texmf-dist/tex/generic/pgf/math/pgfmathfunctions.base.code.tex) (/usr/share/texmf-dist/tex/generic/pgf/math/pgfmathfunctions.round.code.tex) (/usr/share/texmf-dist/tex/generic/pgf/math/pgfmathfunctions.misc.code.tex) (/usr/share/texmf-dist/tex/generic/pgf/math/pgfmathfunctions.integerarithmetics.code.tex) (/usr/share/texmf-dist/tex/generic/pgf/math/pgfmathcalc.code.tex) (/usr/share/texmf-dist/tex/generic/pgf/math/pgfmathfloat.code.tex
\c@pgfmathroundto@lastzeros=\count352
)) (/usr/share/texmf-dist/tex/generic/pgf/math/pgfint.code.tex) (/usr/share/texmf-dist/tex/generic/pgf/basiclayer/pgfcorepoints.code.tex
File: pgfcorepoints.code.tex 2023-01-15 v3.1.10 (3.1.10)
\pgf@picminx=\dimen281
\pgf@picmaxx=\dimen282
\pgf@picminy=\dimen283
\pgf@picmaxy=\dimen284
\pgf@pathminx=\dimen285
\pgf@pathmaxx=\dimen286
\pgf@pathminy=\dimen287
\pgf@pathmaxy=\dimen288
\pgf@xx=\dimen289
\pgf@xy=\dimen290
\pgf@yx=\dimen291
\pgf@yy=\dimen292
\pgf@zx=\dimen293
\pgf@zy=\dimen294
) (/usr/share/texmf-dist/tex/generic/pgf/basiclayer/pgfcorepathconstruct.code.tex
File: pgfcorepathconstruct.code.tex 2023-01-15 v3.1.10 (3.1.10)
\pgf@path@lastx=\dimen295
\pgf@path@lasty=\dimen296
) (/usr/share/texmf-dist/tex/generic/pgf/basiclayer/pgfcorepathusage.code.tex
File: pgfcorepathusage.code.tex 2023-01-15 v3.1.10 (3.1.10)
\pgf@shorten@end@additional=\dimen297
\pgf@shorten@start@additional=\dimen298
) (/usr/share/texmf-dist/tex/generic/pgf/basiclayer/pgfcorescopes.code.tex
File: pgfcorescopes.code.tex 2023-01-15 v3.1.10 (3.1.10)
\pgfpic=\box69
\pgf@hbox=\box70
\pgf@layerbox@main=\box71
\pgf@picture@serial@count=\count353
) (/usr/share/texmf-dist/tex/generic/pgf/basiclayer/pgfcoregraphicstate.code.tex
File: pgfcoregraphicstate.code.tex 2023-01-15 v3.1.10 (3.1.10)
\pgflinewidth=\dimen299
) (/usr/share/texmf-dist/tex/generic/pgf/basiclayer/pgfcoretransformations.code.tex
File: pgfcoretransformations.code.tex 2023-01-15 v3.1.10 (3.1.10)
\pgf@pt@x=\dimen300
\pgf@pt@y=\dimen301
\pgf@pt@temp=\dimen302
) (/usr/share/texmf-dist/tex/generic/pgf/basiclayer/pgfcorequick.code.tex
File: pgfcorequick.code.tex 2023-01-15 v3.1.10 (3.1.10)
) (/usr/share/texmf-dist/tex/generic/pgf/basiclayer/pgfcoreobjects.code.tex
File: pgfcoreobjects.code.tex 2023-01-15 v3.1.10 (3.1.10)
) (/usr/share/texmf-dist/tex/generic/pgf/basiclayer/pgfcorepathprocessing.code.tex
File: pgfcorepathprocessing.code.tex 2023-01-15 v3.1.10 (3.1.10)
) (/usr/share/texmf-dist/tex/generic/pgf/basiclayer/pgfcorearrows.code.tex
File: pgfcorearrows.code.tex 2023-01-15 v3.1.10 (3.1.10)
\pgfarrowsep=\dimen303
) (/usr/share/texmf-dist/tex/generic/pgf/basiclayer/pgfcoreshade.code.tex
File: pgfcoreshade.code.tex 2023-01-15 v3.1.10 (3.1.10)
\pgf@max=\dimen304
\pgf@sys@shading@range@num=\count354
\pgf@shadingcount=\count355
) (/usr/share/texmf-dist/tex/generic/pgf/basiclayer/pgfcoreimage.code.tex
File: pgfcoreimage.code.tex 2023-01-15 v3.1.10 (3.1.10)
) (/usr/share/texmf-dist/tex/generic/pgf/basiclayer/pgfcoreexternal.code.tex
File: pgfcoreexternal.code.tex 2023-01-15 v3.1.10 (3.1.10)
\pgfexternal@startupbox=\box72
) (/usr/share/texmf-dist/tex/generic/pgf/basiclayer/pgfcorelayers.code.tex
File: pgfcorelayers.code.tex 2023-01-15 v3.1.10 (3.1.10)
) (/usr/share/texmf-dist/tex/generic/pgf/basiclayer/pgfcoretransparency.code.tex
File: pgfcoretransparency.code.tex 2023-01-15 v3.1.10 (3.1.10)
) (/usr/share/texmf-dist/tex/generic/pgf/basiclayer/pgfcorepatterns.code.tex
File: pgfcorepatterns.code.tex 2023-01-15 v3.1.10 (3.1.10)
) (/usr/share/texmf-dist/tex/generic/pgf/basiclayer/pgfcorerdf.code.tex
File: pgfcorerdf.code.tex 2023-01-15 v3.1.10 (3.1.10)
))) (/usr/share/texmf-dist/tex/generic/pgf/modules/pgfmoduleshapes.code.tex
File: pgfmoduleshapes.code.tex 2023-01-15 v3.1.10 (3.1.10)
\pgfnodeparttextbox=\box73
) (/usr/share/texmf-dist/tex/generic/pgf/modules/pgfmoduleplot.code.tex
File: pgfmoduleplot.code.tex 2023-01-15 v3.1.10 (3.1.10)
) (/usr/share/texmf-dist/tex/latex/pgf/compatibility/pgfcomp-version-0-65.sty
Package: pgfcomp-version-0-65 2023-01-15 v3.1.10 (3.1.10)
\pgf@nodesepstart=\dimen305
\pgf@nodesepend=\dimen306
) (/usr/share/texmf-dist/tex/latex/pgf/compatibility/pgfcomp-version-1-18.sty
Package: pgfcomp-version-1-18 2023-01-15 v3.1.10 (3.1.10)
)) (/usr/share/texmf-dist/tex/latex/pgf/utilities/pgffor.sty (/usr/share/texmf-dist/tex/latex/pgf/utilities/pgfkeys.sty (/usr/share/texmf-dist/tex/generic/pgf/utilities/pgfkeys.code.tex)) (/usr/share/texmf-dist/tex/latex/pgf/math/pgfmath.sty (/usr/share/texmf-dist/tex/generic/pgf/math/pgfmath.code.tex)) (/usr/share/texmf-dist/tex/generic/pgf/utilities/pgffor.code.tex
Package: pgffor 2023-01-15 v3.1.10 (3.1.10)
\pgffor@iter=\dimen307
\pgffor@skip=\dimen308
\pgffor@stack=\toks50
\pgffor@toks=\toks51
)) (/usr/share/texmf-dist/tex/generic/pgf/frontendlayer/tikz/tikz.code.tex
Package: tikz 2023-01-15 v3.1.10 (3.1.10)
 (/usr/share/texmf-dist/tex/generic/pgf/libraries/pgflibraryplothandlers.code.tex
File: pgflibraryplothandlers.code.tex 2023-01-15 v3.1.10 (3.1.10)
\pgf@plot@mark@count=\count356
\pgfplotmarksize=\dimen309
)
\tikz@lastx=\dimen310
\tikz@lasty=\dimen311
\tikz@lastxsaved=\dimen312
\tikz@lastysaved=\dimen313
\tikz@lastmovetox=\dimen314
\tikz@lastmovetoy=\dimen315
\tikzleveldistance=\dimen316
\tikzsiblingdistance=\dimen317
\tikz@figbox=\box74
\tikz@figbox@bg=\box75
\tikz@tempbox=\box76
\tikz@tempbox@bg=\box77
\tikztreelevel=\count357
\tikznumberofchildren=\count358
\tikznumberofcurrentchild=\count359
\tikz@fig@count=\count360
 (/usr/share/texmf-dist/tex/generic/pgf/modules/pgfmodulematrix.code.tex
File: pgfmodulematrix.code.tex 2023-01-15 v3.1.10 (3.1.10)
\pgfmatrixcurrentrow=\count361
\pgfmatrixcurrentcolumn=\count362
\pgf@matrix@numberofcolumns=\count363
)
\tikz@expandcount=\count364
 (/usr/share/texmf-dist/tex/generic/pgf/frontendlayer/tikz/libraries/tikzlibrarytopaths.code.tex
File: tikzlibrarytopaths.code.tex 2023-01-15 v3.1.10 (3.1.10)
))) (/usr/share/texmf-dist/tex/generic/tikz-cd/tikzlibrarycd.code.tex (/usr/share/texmf-dist/tex/generic/pgf/frontendlayer/tikz/libraries/tikzlibrarymatrix.code.tex
File: tikzlibrarymatrix.code.tex 2023-01-15 v3.1.10 (3.1.10)
) (/usr/share/texmf-dist/tex/generic/pgf/frontendlayer/tikz/libraries/tikzlibraryquotes.code.tex
File: tikzlibraryquotes.code.tex 2023-01-15 v3.1.10 (3.1.10)
) (/usr/share/texmf-dist/tex/generic/pgf/libraries/pgflibraryarrows.meta.code.tex
File: pgflibraryarrows.meta.code.tex 2023-01-15 v3.1.10 (3.1.10)
\pgfarrowinset=\dimen318
\pgfarrowlength=\dimen319
\pgfarrowwidth=\dimen320
\pgfarrowlinewidth=\dimen321
))) (/usr/share/texmf-dist/tex/latex/tools/multicol.sty
Package: multicol 2023/03/30 v1.9f multicolumn formatting (FMi)
\c@tracingmulticols=\count365
\mult@box=\box78
\multicol@leftmargin=\dimen322
\c@unbalance=\count366
\c@collectmore=\count367
\doublecol@number=\count368
\multicoltolerance=\count369
\multicolpretolerance=\count370
\full@width=\dimen323
\page@free=\dimen324
\premulticols=\dimen325
\postmulticols=\dimen326
\multicolsep=\skip199
\multicolbaselineskip=\skip256
\partial@page=\box79
\last@line=\box80
\mc@boxedresult=\box81
\maxbalancingoverflow=\dimen327
\mult@rightbox=\box82
\mult@grightbox=\box83
\mult@firstbox=\box84
\mult@gfirstbox=\box85
\@tempa=\box86
\@tempa=\box87
\@tempa=\box88
\@tempa=\box89
\@tempa=\box90
\@tempa=\box91
\@tempa=\box92
\@tempa=\box93
\@tempa=\box94
\@tempa=\box95
\@tempa=\box96
\@tempa=\box97
\@tempa=\box98
\@tempa=\box99
\@tempa=\box100
\@tempa=\box101
\@tempa=\box102
\@tempa=\box103
\@tempa=\box104
\@tempa=\box105
\@tempa=\box106
\@tempa=\box107
\@tempa=\box108
\@tempa=\box109
\@tempa=\box110
\@tempa=\box111
\@tempa=\box112
\@tempa=\box113
\@tempa=\box114
\@tempa=\box115
\@tempa=\box116
\@tempa=\box117
\@tempa=\box118
\@tempa=\box119
\@tempa=\box120
\@tempa=\box121
\c@minrows=\count371
\c@columnbadness=\count372
\c@finalcolumnbadness=\count373
\last@try=\dimen328
\multicolovershoot=\dimen329
\multicolundershoot=\dimen330
\mult@nat@firstbox=\box122
\colbreak@box=\box123
\mc@col@check@num=\count374
) (/usr/share/texmf-dist/tex/latex/tools/bm.sty
Package: bm 2023/07/08 v1.2f Bold Symbol Support (DPC/FMi)
\symboldoperators=\mathgroup8
\symboldletters=\mathgroup9
Package bm Info: No bold for \FMS/futm/m/n, using \pmb.
Package bm Info: No bold for \FMX/futm/m/n, using \pmb.
\symboldotherletters=\mathgroup10
Package bm Info: No bold for \U/futm/m/n, using \pmb.
Package bm Info: No bold for \U/msa/m/n, using \pmb.
Package bm Info: No bold for \U/msb/m/n, using \pmb.
LaTeX Font Info:    Redeclaring math alphabet \mathbf on input line 149.
) (/usr/share/texmf-dist/tex/latex/jknapltx/mathrsfs.sty
Package: mathrsfs 1996/01/01 Math RSFS package v1.0 (jk)
\symrsfs=\mathgroup11
) (/usr/share/texmf-dist/tex/latex/amsmath/amsmath.sty
Package: amsmath 2023/05/13 v2.17o AMS math features
\@mathmargin=\skip257

For additional information on amsmath, use the `?' option.
(/usr/share/texmf-dist/tex/latex/amsmath/amsbsy.sty
Package: amsbsy 1999/11/29 v1.2d Bold Symbols
LaTeX Info: Redefining \boldsymbol on input line 28.
\pmbraise@=\dimen331
) (/usr/share/texmf-dist/tex/latex/amsmath/amsopn.sty
Package: amsopn 2022/04/08 v2.04 operator names
)
\inf@bad=\count375
LaTeX Info: Redefining \frac on input line 234.
\uproot@=\count376
\leftroot@=\count377
LaTeX Info: Redefining \overline on input line 399.
LaTeX Info: Redefining \colon on input line 410.
\classnum@=\count378
\DOTSCASE@=\count379
LaTeX Info: Redefining \ldots on input line 496.
LaTeX Info: Redefining \dots on input line 499.
LaTeX Info: Redefining \cdots on input line 620.
\Mathstrutbox@=\box124
\strutbox@=\box125
LaTeX Info: Redefining \big on input line 722.
LaTeX Info: Redefining \Big on input line 723.
LaTeX Info: Redefining \bigg on input line 724.
LaTeX Info: Redefining \Bigg on input line 725.
\big@size=\dimen332
LaTeX Font Info:    Redeclaring font encoding OML on input line 743.
LaTeX Font Info:    Redeclaring font encoding OMS on input line 744.
\macc@depth=\count380
LaTeX Info: Redefining \bmod on input line 905.
LaTeX Info: Redefining \pmod on input line 910.
LaTeX Info: Redefining \smash on input line 940.
LaTeX Info: Redefining \relbar on input line 970.
LaTeX Info: Redefining \Relbar on input line 971.
\c@MaxMatrixCols=\count381
\dotsspace@=\muskip16
\c@parentequation=\count382
\dspbrk@lvl=\count383
\tag@help=\toks52
\row@=\count384
\column@=\count385
\maxfields@=\count386
\andhelp@=\toks53
\eqnshift@=\dimen333
\alignsep@=\dimen334
\tagshift@=\dimen335
\tagwidth@=\dimen336
\totwidth@=\dimen337
\lineht@=\dimen338
\@envbody=\toks54
\multlinegap=\skip258
\multlinetaggap=\skip259
\mathdisplay@stack=\toks55
LaTeX Info: Redefining \[ on input line 2953.
LaTeX Info: Redefining \] on input line 2954.
) (/usr/share/texmf-dist/tex/latex/thmtools/thmtools.sty
Package: thmtools 2023/05/04 v0.76
\thmt@toks=\toks56
\c@thmt@dummyctr=\count387
 (/usr/share/texmf-dist/tex/latex/thmtools/thm-patch.sty
Package: thm-patch 2023/05/04 v0.76
 (/usr/share/texmf-dist/tex/latex/thmtools/parseargs.sty
Package: parseargs 2023/05/04 v0.76
\@parsespec=\toks57
)) (/usr/share/texmf-dist/tex/latex/thmtools/thm-kv.sty
Package: thm-kv 2023/05/04 v0.76
Package thm-kv Info: Theorem names will be uppercased on input line 42.
Package thm-kv Info: kvsetkeys patch (v1.16 or later) on input line 158.
) (/usr/share/texmf-dist/tex/latex/thmtools/thm-autoref.sty
Package: thm-autoref 2023/05/04 v0.76
 (/usr/share/texmf-dist/tex/latex/thmtools/aliasctr.sty
Package: aliasctr 2023/05/04 v0.76
)) (/usr/share/texmf-dist/tex/latex/thmtools/thm-listof.sty
Package: thm-listof 2023/05/04 v0.76
) (/usr/share/texmf-dist/tex/latex/thmtools/thm-restate.sty
Package: thm-restate 2023/05/04 v0.76
)) (/usr/share/texmf-dist/tex/latex/enumitem/enumitem.sty
Package: enumitem 2019/06/20 v3.9 Customized lists
\labelindent=\skip260
\enit@outerparindent=\dimen339
\enit@toks=\toks58
\enit@inbox=\box126
\enit@count@id=\count388
\enitdp@description=\count389
) (/usr/share/texmf-dist/tex/latex/ntheorem/ntheorem.sty
Style `ntheorem', Version 1.33 <2011/08/15>
Package: ntheorem 2011/08/15 1.33
\theorem@style=\toks59
\theorem@@style=\toks60
\theorembodyfont=\toks61
\theoremnumbering=\toks62
\theorempreskipamount=\skip261
\theorempostskipamount=\skip262
\theoremframepreskipamount=\skip263
\theoremframepostskipamount=\skip264
\theoreminframepreskipamount=\skip265
\theoreminframepostskipamount=\skip266
\theorem@preskip=\toks63
\theorem@postskip=\toks64
\theorem@framepreskip=\toks65
\theorem@framepostskip=\toks66
\theorem@inframepreskip=\toks67
\theorem@inframepostskip=\toks68
\theoremindent=\dimen340
\theorem@indent=\dimen341
\theoremrightindent=\dimen342
\theorem@rightindent=\dimen343
\theoremheaderfont=\toks69
\theoremseparator=\toks70
\theoremprework=\toks71
\theorempostwork=\toks72
\theoremsymbol=\toks73
\qedsymbol=\toks74
\theoremkeyword=\toks75
\qedsymbol=\toks76
\thm@topsep=\skip267
\thm@topsepadd=\skip268
Package ntheorem Info: Option `thmmarks' loaded on input line 1175.
\c@endNonectr=\count390
\c@currNonectr=\count391
\mysavskip=\skip269
Package ntheorem Info: option `amsmath' handling for `thmmarks' loaded on input line 1175.
\thm@amstmpdepth=\dimen344
\tagwidth=\dimen345
Package ntheorem Info: Option `amsthm' loaded on input line 1175.
\c@proof=\count392
\c@currproofctr=\count393
\c@endproofctr=\count394
) (/usr/share/texmf-dist/tex/latex/hyperref/hyperref.sty
Package: hyperref 2024-01-20 v7.01h Hypertext links for LaTeX
 (/usr/share/texmf-dist/tex/generic/kvdefinekeys/kvdefinekeys.sty
Package: kvdefinekeys 2019-12-19 v1.6 Define keys (HO)
) (/usr/share/texmf-dist/tex/generic/pdfescape/pdfescape.sty
Package: pdfescape 2019/12/09 v1.15 Implements pdfTeX's escape features (HO)
) (/usr/share/texmf-dist/tex/latex/hycolor/hycolor.sty
Package: hycolor 2020-01-27 v1.10 Color options for hyperref/bookmark (HO)
) (/usr/share/texmf-dist/tex/latex/auxhook/auxhook.sty
Package: auxhook 2019-12-17 v1.6 Hooks for auxiliary files (HO)
)
\@linkdim=\dimen346
\Hy@linkcounter=\count395
\Hy@pagecounter=\count396
 (/usr/share/texmf-dist/tex/latex/hyperref/pd1enc.def
File: pd1enc.def 2024-01-20 v7.01h Hyperref: PDFDocEncoding definition (HO)
Now handling font encoding PD1 ...
... no UTF-8 mapping file for font encoding PD1
) (/usr/share/texmf-dist/tex/generic/intcalc/intcalc.sty
Package: intcalc 2019/12/15 v1.3 Expandable calculations with integers (HO)
)
\Hy@SavedSpaceFactor=\count397
 (/usr/share/texmf-dist/tex/latex/hyperref/puenc.def
File: puenc.def 2024-01-20 v7.01h Hyperref: PDF Unicode definition (HO)
Now handling font encoding PU ...
... no UTF-8 mapping file for font encoding PU
)
Package hyperref Info: Option `colorlinks' set `true' on input line 4062.
Package hyperref Info: Hyper figures OFF on input line 4179.
Package hyperref Info: Link nesting OFF on input line 4184.
Package hyperref Info: Hyper index ON on input line 4187.
Package hyperref Info: Plain pages OFF on input line 4194.
Package hyperref Info: Backreferencing ON on input line 4197.
Package hyperref Info: Implicit mode ON; LaTeX internals redefined.
Package hyperref Info: Bookmarks ON on input line 4446.
 (/usr/share/texmf-dist/tex/latex/hyperref/backref.sty
Package: backref 2023-11-26 v1.44 Bibliographical back referencing
 (/usr/share/texmf-dist/tex/latex/rerunfilecheck/rerunfilecheck.sty
Package: rerunfilecheck 2022-07-10 v1.10 Rerun checks for auxiliary files (HO)
 (/usr/share/texmf-dist/tex/latex/base/atveryend-ltx.sty
Package: atveryend-ltx 2020/08/19 v1.0a Emulation of the original atveryend package
with kernel methods
) (/usr/share/texmf-dist/tex/generic/uniquecounter/uniquecounter.sty
Package: uniquecounter 2019/12/15 v1.4 Provide unlimited unique counter (HO)
 (/usr/share/texmf-dist/tex/generic/bigintcalc/bigintcalc.sty
Package: bigintcalc 2019/12/15 v1.5 Expandable calculations on big integers (HO)
))
Package uniquecounter Info: New unique counter `rerunfilecheck' on input line 285.
))
\c@Hy@tempcnt=\count398
 (/usr/share/texmf-dist/tex/latex/url/url.sty
\Urlmuskip=\muskip17
Package: url 2013/09/16  ver 3.4  Verb mode for urls, etc.
)
LaTeX Info: Redefining \url on input line 4784.
\XeTeXLinkMargin=\dimen347
 (/usr/share/texmf-dist/tex/generic/bitset/bitset.sty
Package: bitset 2019/12/09 v1.3 Handle bit-vector datatype (HO)
)
\Fld@menulength=\count399
\Field@Width=\dimen348
\Fld@charsize=\dimen349
Package hyperref Info: Hyper figures OFF on input line 6063.
Package hyperref Info: Link nesting OFF on input line 6068.
Package hyperref Info: Hyper index ON on input line 6071.
Package hyperref Info: backreferencing ON on input line 6076.
Package hyperref Info: Link coloring ON on input line 6081.
Package hyperref Info: Link coloring with OCG OFF on input line 6088.
Package hyperref Info: PDF/A mode OFF on input line 6093.
 (/usr/share/texmf-dist/tex/latex/base/atbegshi-ltx.sty
Package: atbegshi-ltx 2021/01/10 v1.0c Emulation of the original atbegshi
package with kernel methods
)
\Hy@abspage=\count400
\c@Item=\count401
\c@Hfootnote=\count402
)
Package hyperref Info: Driver (autodetected): hpdftex.
 (/usr/share/texmf-dist/tex/latex/hyperref/hpdftex.def
File: hpdftex.def 2024-01-20 v7.01h Hyperref driver for pdfTeX
\Fld@listcount=\count403
\c@bookmark@seq@number=\count404
\Hy@SectionHShift=\skip270
) (/usr/share/texmf-dist/tex/latex/memoir/memhfixc.sty
Package: memhfixc 2023/09/10 v1.22 hyperref package fixes for memoir class
\c@memhycontfloat=\count405
\c@Hpagenote=\count406
) (/usr/share/texmf-dist/tex/latex/cleveref/cleveref.sty
Package: cleveref 2018/03/27 v0.21.4 Intelligent cross-referencing
LaTeX Info: Redefining \Cref on input line 925.
Package cleveref Info: `hyperref' support loaded on input line 2370.
LaTeX Info: Redefining \cref on input line 2370.
LaTeX Info: Redefining \Cref on input line 2370.
LaTeX Info: Redefining \crefrange on input line 2370.
LaTeX Info: Redefining \Crefrange on input line 2370.
LaTeX Info: Redefining \cpageref on input line 2370.
LaTeX Info: Redefining \Cpageref on input line 2370.
LaTeX Info: Redefining \cpagerefrange on input line 2370.
LaTeX Info: Redefining \Cpagerefrange on input line 2370.
LaTeX Info: Redefining \labelcref on input line 2370.
LaTeX Info: Redefining \labelcpageref on input line 2370.
Package cleveref Info: `ntheorem' support loaded on input line 3055.
Package cleveref Info: always capitalise cross-reference names on input line 7830.
Package cleveref Info: always capitalise cross-reference names on input line 7852.
)
\c@currthrmctr=\count407
\c@endthrmctr=\count408
\c@thrm=\count409
\c@currlemmctr=\count410
\c@endlemmctr=\count411
\c@currpropctr=\count412
\c@endpropctr=\count413
\c@currdefnctr=\count414
\c@enddefnctr=\count415
\c@currcorlctr=\count416
\c@endcorlctr=\count417
\c@currremkctr=\count418
\c@endremkctr=\count419
 (./Final.aux (./Introduction.aux) (./Elementary_Measure_Theory.aux) (./Advanced_Measure_Theory.aux) (./Product_spaces.aux) (./Application.aux) (./Appendix_Switching_Limits.aux) (./Appendix_Radon_Nikodym.aux) (./Appendix_Application_to_Analysis.aux))
\openout1 = `Final.aux'.

LaTeX Font Info:    Checking defaults for OML/cmm/m/it on input line 106.
LaTeX Font Info:    ... okay on input line 106.
LaTeX Font Info:    Checking defaults for OMS/cmsy/m/n on input line 106.
LaTeX Font Info:    ... okay on input line 106.
LaTeX Font Info:    Checking defaults for OT1/cmr/m/n on input line 106.
LaTeX Font Info:    ... okay on input line 106.
LaTeX Font Info:    Checking defaults for T1/cmr/m/n on input line 106.
LaTeX Font Info:    ... okay on input line 106.
LaTeX Font Info:    Checking defaults for TS1/cmr/m/n on input line 106.
LaTeX Font Info:    ... okay on input line 106.
LaTeX Font Info:    Checking defaults for OMX/cmex/m/n on input line 106.
LaTeX Font Info:    ... okay on input line 106.
LaTeX Font Info:    Checking defaults for U/cmr/m/n on input line 106.
LaTeX Font Info:    ... okay on input line 106.
LaTeX Font Info:    Checking defaults for FML/futm/m/it on input line 106.
LaTeX Font Info:    Trying to load font information for FML+futm on input line 106.
 (/usr/share/texmf-dist/tex/latex/fourier/fmlfutm.fd
File: fmlfutm.fd 2004/10/30 Fontinst v1.926 font definitions for FML/futm.
)
LaTeX Font Info:    ... okay on input line 106.
LaTeX Font Info:    Checking defaults for FMS/futm/m/n on input line 106.
LaTeX Font Info:    Trying to load font information for FMS+futm on input line 106.
 (/usr/share/texmf-dist/tex/latex/fourier/fmsfutm.fd
File: fmsfutm.fd 2004/10/30 Fontinst v1.926 font definitions for FMS/futm.
)
LaTeX Font Info:    ... okay on input line 106.
LaTeX Font Info:    Checking defaults for FMX/futm/m/n on input line 106.
LaTeX Font Info:    Trying to load font information for FMX+futm on input line 106.
 (/usr/share/texmf-dist/tex/latex/fourier/fmxfutm.fd
File: fmxfutm.fd futm-extension
)
LaTeX Font Info:    ... okay on input line 106.
LaTeX Font Info:    Checking defaults for PD1/pdf/m/n on input line 106.
LaTeX Font Info:    ... okay on input line 106.
LaTeX Font Info:    Checking defaults for PU/pdf/m/n on input line 106.
LaTeX Font Info:    ... okay on input line 106.
 (/usr/share/texmf-dist/tex/context/base/mkii/supp-pdf.mkii
[Loading MPS to PDF converter (version 2006.09.02).]
\scratchcounter=\count420
\scratchdimen=\dimen350
\scratchbox=\box127
\nofMPsegments=\count421
\nofMParguments=\count422
\everyMPshowfont=\toks77
\MPscratchCnt=\count423
\MPscratchDim=\dimen351
\MPnumerator=\count424
\makeMPintoPDFobject=\count425
\everyMPtoPDFconversion=\toks78
) (/usr/share/texmf-dist/tex/latex/epstopdf-pkg/epstopdf-base.sty
Package: epstopdf-base 2020-01-24 v2.11 Base part for package epstopdf
 (/usr/share/texmf-dist/tex/latex/grfext/grfext.sty
Package: grfext 2019/12/03 v1.3 Manage graphics extensions (HO)
)
Package epstopdf-base Info: Redefining graphics rule for `.eps' on input line 485.
Package grfext Info: Graphics extension search list:
(grfext)             [.pdf,.png,.jpg,.mps,.jpeg,.jbig2,.jb2,.PDF,.PNG,.JPG,.JPEG,.JBIG2,.JB2,.eps]
(grfext)             \AppendGraphicsExtensions on input line 504.
 (/usr/share/texmf-dist/tex/latex/latexconfig/epstopdf-sys.cfg
File: epstopdf-sys.cfg 2010/07/13 v1.3 Configuration of (r)epstopdf for TeX Live
))
LaTeX Font Info:    Redeclaring math accent \widehat on input line 106.
LaTeX Font Info:    Redeclaring math accent \widetilde on input line 106.
LaTeX Info: Redefining \l on input line 106.
LaTeX Info: Redefining \L on input line 106.
LaTeX Info: Redefining \microtypecontext on input line 106.
Package microtype Info: Applying patch `item' on input line 106.
Package microtype Info: Applying patch `toc' on input line 106.
Package microtype Info: Applying patch `eqnum' on input line 106.
Package microtype Info: Applying patch `footnote' on input line 106.
Package microtype Info: Applying patch `verbatim' on input line 106.
Package microtype Info: Generating PDF output.
Package microtype Info: Character protrusion enabled (level 2).
Package microtype Info: Using default protrusion set `alltext'.
Package microtype Info: Automatic font expansion enabled (level 2),
(microtype)             stretch: 20, shrink: 20, step: 1, non-selected.
Package microtype Info: Using default expansion set `alltext-nott'.
LaTeX Info: Redefining \showhyphens on input line 106.
Package microtype Info: No adjustment of tracking.
Package microtype Info: Adjustment of interword spacing enabled.
Package microtype Info: Using default spacing set `alltext-nott'.
Package microtype Info: Adjustment of character kerning enabled.
Package microtype Info: Using default kerning set `alltext'.
Package microtype Info: Redefining babel's language switching commands.
Package microtype Info: Loading generic protrusion settings for font family
(microtype)             `futs' (encoding: T1).
(microtype)             For optimal results, create family-specific settings.
(microtype)             See the microtype manual for details.
 (/usr/share/texmf-dist/tex/latex/translations/translations-basic-dictionary-catalan.trsl
File: translations-basic-dictionary-spanish.trsl (spanish translation file `translations-basic-dictionary')
)

Package translations Warning: file `translations-basic-dictionary-catalan.trsl' does not appear to be a dictionary on input line 106.

(/usr/share/texmf-dist/tex/latex/translations/translations-basic-dictionary-spanish.trsl
File: translations-basic-dictionary-spanish.trsl (spanish translation file `translations-basic-dictionary')
)
Package translations Info: loading dictionary `translations-basic-dictionary' for `spanish'. on input line 106.
 (/usr/share/texmf-dist/tex/latex/translations/translations-basic-dictionary-english.trsl
File: translations-basic-dictionary-english.trsl (english translation file `translations-basic-dictionary')
)
Package translations Info: loading dictionary `translations-basic-dictionary' for `english'. on input line 106.


Package thmtools Warning: ntheorem loaded after thmtools .

Package hyperref Info: Link coloring ON on input line 106.
(./Final.out) (./Final.out)
\@outlinefile=\write5
\openout5 = `Final.out'.

<./537341_escudoUIB_horizontal.png, id=95, 665.48625pt x 213.79875pt>
File: ./537341_escudoUIB_horizontal.png Graphic file (type png)
<use ./537341_escudoUIB_horizontal.png>
Package pdftex.def Info: ./537341_escudoUIB_horizontal.png  used on input line 109.
(pdftex.def)             Requested size: 185.97946pt x 59.75078pt.
LaTeX Font Info:    Trying to load font information for T1+lmss on input line 109.
 (/usr/share/texmf-dist/tex/latex/lm/t1lmss.fd
File: t1lmss.fd 2015/05/01 v1.6.1 Font defs for Latin Modern
)
Package microtype Info: Loading generic protrusion settings for font family
(microtype)             `lmss' (encoding: T1).
(microtype)             For optimal results, create family-specific settings.
(microtype)             See the microtype manual for details.
LaTeX Font Info:    Trying to load font information for FML+futmi on input line 109.
 (/usr/share/texmf-dist/tex/latex/fourier/fmlfutmi.fd
File: fmlfutmi.fd 2004/10/30 Fontinst v1.926 font definitions for FML/futmi.
)
LaTeX Font Info:    Font shape `FMX/futm/m/n' will be
(Font)              scaled to size 10.07397pt on input line 109.
LaTeX Font Info:    Font shape `FMX/futm/m/n' will be
(Font)              scaled to size 7.63599pt on input line 109.
LaTeX Font Info:    Font shape `FMX/futm/m/n' will be
(Font)              scaled to size 5.51999pt on input line 109.
LaTeX Font Info:    Font shape `U/futm/m/n' will be
(Font)              scaled to size 10.07397pt on input line 109.
LaTeX Font Info:    Font shape `U/futm/m/n' will be
(Font)              scaled to size 7.63599pt on input line 109.
LaTeX Font Info:    Font shape `U/futm/m/n' will be
(Font)              scaled to size 5.51999pt on input line 109.
LaTeX Font Info:    Trying to load font information for U+msa on input line 109.
 (/usr/share/texmf-dist/tex/latex/amsfonts/umsa.fd
File: umsa.fd 2013/01/14 v3.01 AMS symbols A
) (/usr/share/texmf-dist/tex/latex/microtype/mt-msa.cfg
File: mt-msa.cfg 2006/02/04 v1.1 microtype config. file: AMS symbols (a) (RS)
)
LaTeX Font Info:    Trying to load font information for U+msb on input line 109.
 (/usr/share/texmf-dist/tex/latex/amsfonts/umsb.fd
File: umsb.fd 2013/01/14 v3.01 AMS symbols B
) (/usr/share/texmf-dist/tex/latex/microtype/mt-msb.cfg
File: mt-msb.cfg 2005/06/01 v1.0 microtype config. file: AMS symbols (b) (RS)
)
LaTeX Font Info:    Trying to load font information for U+rsfs on input line 109.
 (/usr/share/texmf-dist/tex/latex/jknapltx/ursfs.fd
File: ursfs.fd 1998/03/24 rsfs font definition file (jk)
) [1{/var/lib/texmf/fonts/map/pdftex/updmap/pdftex.map}{/usr/share/texmf-dist/fonts/enc/dvips/lm/lm-ec.enc}


 <./537341_escudoUIB_horizontal.png (PNG copy)>] [2

]
LaTeX Font Info:    Font shape `T1/lmss/m/it' in size <12> not available
(Font)              Font shape `T1/lmss/m/sl' tried instead on input line 111.
 [3] [4

] [1

{/usr/share/texmf-dist/fonts/enc/dvips/base/8r.enc}] [2

] (./Final.toc
Package cleveref Info: loaded `english' language definitions on input line 2.
) [3

] [4

]
\openout2 = `Introduction.aux'.

 (./Introduction.tex
Underfull \vbox (badness 10000) has occurred while \output is active []


pdfTeX warning (ext4): destination with the same identifier (name{page.1}) has been already used, duplicate ignored
<to be read again> 
                   \relax 
l.22 T
      he text is structured as follows: the first half of the text is compos... [1


])
Package cleveref Info: loaded `english' language definitions on input line 140.

pdfTeX warning (ext4): destination with the same identifier (name{page.2}) has been already used, duplicate ignored
<to be read again> 
                   \relax 
l.140 \include{Introduction}
                             [2]
\openout2 = `Elementary_Measure_Theory.aux'.

 (./Elementary_Measure_Theory.tex
Overfull \hbox (15.09135pt too wide) detected at line 23
[]
 []


pdfTeX warning (ext4): destination with the same identifier (name{page.3}) has been already used, duplicate ignored
<to be read again> 
                   \relax 
l.57 S
      ometimes, if a sequence of sets, functions or numbers has more than [3




]
LaTeX Font Info:    Font shape `FMX/futm/m/n' will be
(Font)              scaled to size 8.27998pt on input line 83.
LaTeX Font Info:    Font shape `FMX/futm/m/n' will be
(Font)              scaled to size 6.99199pt on input line 83.
LaTeX Font Info:    Font shape `U/futm/m/n' will be
(Font)              scaled to size 8.27998pt on input line 83.
LaTeX Font Info:    Font shape `U/futm/m/n' will be
(Font)              scaled to size 6.99199pt on input line 83.
Package hyperref Info: bookmark level for unknown defn defaults to 0 on input line 88.
LaTeX Font Info:    Trying to load font information for TS1+futs on input line 90.
 (/usr/share/texmf-dist/tex/latex/fourier/ts1futs.fd
File: ts1futs.fd 2003/09/14 Fontinst v1.801 font definitions for TS1/futs.
)
Package microtype Info: Loading generic protrusion settings for font family
(microtype)             `futs' (encoding: TS1).
(microtype)             For optimal results, create family-specific settings.
(microtype)             See the microtype manual for details.


Package microtype Warning: I cannot find a spacing list for font
(microtype)                `TS1/futs/m/it/10.95' (context: `nonfrench'). Switching off
(microtype)                spacing for this font on input line 90.

Package cleveref Info: loaded `english' language definitions on input line 120.

pdfTeX warning (ext4): destination with the same identifier (name{page.4}) has been already used, duplicate ignored
<to be read again> 
                   \relax 
l.120 \begin{remk}\label
                        {remark:generated structures} [4]
Package hyperref Info: bookmark level for unknown remk defaults to 0 on input line 120.
Package hyperref Info: bookmark level for unknown prop defaults to 0 on input line 129.

Overfull \hbox (7.91127pt too wide) detected at line 143
[]
 []

Package hyperref Info: bookmark level for unknown proof defaults to 0 on input line 146.
Package cleveref Info: loaded `english' language definitions on input line 180.
[5]
Package cleveref Info: loaded `english' language definitions on input line 252.
 [6]
Package cleveref Info: loaded `english' language definitions on input line 311.
 [7]

Package microtype Warning: I cannot find a spacing list for font
(microtype)                `TS1/futs/m/n/10.95' (context: `nonfrench'). Switching off
(microtype)                spacing for this font on input line 373.

Package cleveref Info: loaded `english' language definitions on input line 380.
[8]
Package hyperref Info: bookmark level for unknown lemm defaults to 0 on input line 393.
Package cleveref Info: loaded `english' language definitions on input line 446.
 [9]
Package cleveref Info: loaded `english' language definitions on input line 515.
 [10]
Package hyperref Info: bookmark level for unknown thrm defaults to 0 on input line 569.
Package cleveref Info: loaded `english' language definitions on input line 577.
 [11]
Package cleveref Info: loaded `english' language definitions on input line 651.
 [12]
Package cleveref Info: loaded `english' language definitions on input line 702.
 [13]
Package cleveref Info: loaded `english' language definitions on input line 756.
 [14]
Package cleveref Info: loaded `english' language definitions on input line 808.
 [15]
Package cleveref Info: loaded `english' language definitions on input line 864.
 [16]
Package hyperref Info: bookmark level for unknown corl defaults to 0 on input line 905.
Package cleveref Info: loaded `english' language definitions on input line 925.
 [17]
Package cleveref Info: loaded `english' language definitions on input line 973.
 [18]
Package cleveref Info: loaded `english' language definitions on input line 1022.
 [19]
Package cleveref Info: loaded `english' language definitions on input line 1084.
 [20]
Package cleveref Info: loaded `english' language definitions on input line 1129.
 [21]
Package cleveref Info: loaded `english' language definitions on input line 1191.
 [22]
Package cleveref Info: loaded `english' language definitions on input line 1242.
 [23]
Package cleveref Info: loaded `english' language definitions on input line 1311.
 [24]
Package cleveref Info: loaded `english' language definitions on input line 1370.
 [25]
Package cleveref Info: loaded `english' language definitions on input line 1433.
 [26]
Overfull \hbox (7.75072pt too wide) in paragraph at lines 1475--1479
[]\T1/futs/m/it/10.95 (-20) Let $[]$, $[]$ be mea-sur-able spaces
 []

Package cleveref Info: loaded `english' language definitions on input line 1493.
[27]
Overfull \hbox (13.44327pt too wide) in paragraph at lines 1513--1515
[]\T1/futs/m/it/10.95 (-20) Let $\FML/futmi/m/it/10.95 ^^V$ \T1/futs/m/it/10.95 (-20) be a mea-sure on a $\FML/futmi/m/it/10.95 ^^[$\T1/futs/m/it/10.95 (-20) -field $\FMS/futm/m/n/10.95 F$\T1/futs/m/it/10.95 (-20) . Let $\FML/futmi/m/it/10.95 A[]; A[]; []$
 []

)
Package cleveref Info: loaded `english' language definitions on input line 141.
 [28]
\openout2 = `Advanced_Measure_Theory.aux'.

 (./Advanced_Measure_Theory.tex [29




]
Package cleveref Info: loaded `english' language definitions on input line 61.
 [30]
Package cleveref Info: loaded `english' language definitions on input line 105.
 [31]
Package cleveref Info: loaded `english' language definitions on input line 149.
 [32]
Package cleveref Info: loaded `english' language definitions on input line 186.
 [33]
Package cleveref Info: loaded `english' language definitions on input line 225.
 [34]
Package cleveref Info: loaded `english' language definitions on input line 262.
 [35]
Package cleveref Info: loaded `english' language definitions on input line 296.
 [36]
Package cleveref Info: loaded `english' language definitions on input line 332.
 [37]
Package cleveref Info: loaded `english' language definitions on input line 380.
 [38]
Overfull \hbox (2.96599pt too wide) in paragraph at lines 392--393
[]\T1/futs/m/it/10.95 (-20) Let $\FML/futm/m/it/10.95 
$ \T1/futs/m/it/10.95 (-20) be a com-plete, sep-a-ra-ble met-
 []

Package cleveref Info: loaded `english' language definitions on input line 429.
[39])
Package cleveref Info: loaded `english' language definitions on input line 142.
 [40]
\openout2 = `Product_spaces.aux'.

 (./Product_Spaces.tex [41




]
<resources/figures/section.png, id=795, 441.14813pt x 298.86656pt>
File: resources/figures/section.png Graphic file (type png)
<use resources/figures/section.png>
Package pdftex.def Info: resources/figures/section.png  used on input line 30.
(pdftex.def)             Requested size: 348.29764pt x 235.97429pt.
Package cleveref Info: loaded `english' language definitions on input line 56.
 [42 <./resources/figures/section.png>]
Underfull \hbox (badness 10000) in paragraph at lines 88--91
[]\T1/futs/m/it/10.95 (+20) Let $[]$ and
 []

Package cleveref Info: loaded `english' language definitions on input line 94.
[43]
Package cleveref Info: loaded `english' language definitions on input line 152.
 [44]
Package cleveref Info: loaded `english' language definitions on input line 190.
 [45]
Package cleveref Info: loaded `english' language definitions on input line 223.
 [46]
Overfull \hbox (0.68039pt too wide) in paragraph at lines 237--238
[]$\FML/futmi/m/it/10.95 ^^V[]$ \T1/futs/m/it/10.95 (-20) is uni-formly $\FML/futmi/m/it/10.95 ^^[$\T1/futs/m/it/10.95 (-20) -finite, that is, $\FML/futm/m/it/10.95 
[]$ \T1/futs/m/it/10.95 (-20) can be writ-ten as $[][] \FML/futmi/m/it/10.95 B[]$\T1/futs/m/it/10.95 (-20) , where $\FML/futmi/m/it/10.95 B[] \FMS/futm/m/n/10.95 2
 []

Package cleveref Info: loaded `english' language definitions on input line 258.
[47]
Overfull \hbox (10.64pt too wide) in paragraph at lines 278--284
\T1/futs/m/n/10.95 (-20) and the ex-pres-sion be-comes $\FML/futmi/m/it/10.95 ^^V\T1/futs/m/n/10.95 (-20) (\FML/futmi/m/it/10.95 A[] \FMS/futm/m/n/10.95 ^^B [] ^^B \FML/futmi/m/it/10.95 A[]\T1/futs/m/n/10.95 (-20) ) \FMS/futm/m/n/10.95  [][] \FML/futmi/m/it/10.95 g d^^U[];$ \T1/futs/m/n/10.95 (-20) where $\FML/futmi/m/it/10.95 g\T1/futs/m/n/10.95 (-20) (\FML/futmi/m/it/10.95 ![]; [] ; ![]\T1/futs/m/n/10.95 (-20) ) \FMS/futm/m/n/10.95 
 []

Package cleveref Info: loaded `english' language definitions on input line 304.
[48]
Package cleveref Info: loaded `english' language definitions on input line 342.
 [49]
Overfull \hbox (0.28436pt too wide) in paragraph at lines 353--354
[]\T1/futs/m/it/10.95 (-20) Let $\FML/futmi/m/it/10.95 v \FMS/futm/m/n/10.95  []$\T1/futs/m/it/10.95 (-20) , $\FML/futmi/m/it/10.95 t[] \FMS/futm/m/n/10.95  []  \FML/futmi/m/it/10.95 t[]$ \T1/futs/m/it/10.95 (-20) be a fi-nite sub-set of $\FML/futmi/m/it/10.95 T$ \T1/futs/m/it/10.95 (-20) and $\FML/futmi/m/it/10.95 u \FMS/futm/m/n/10.95  []$\T1/futs/m/it/10.95 (-20) ,
 []

Package cleveref Info: loaded `english' language definitions on input line 376.
[50]
Package cleveref Info: loaded `english' language definitions on input line 405.
 [51]
Overfull \hbox (0.44157pt too wide) in paragraph at lines 430--431
[]\T1/futs/m/it/10.95 (-20) Let $\FML/futmi/m/it/10.95 T$ \T1/futs/m/it/10.95 (-20) be an ar-bi-trary in-dex set, and
 []

Package cleveref Info: loaded `english' language definitions on input line 443.
[52]
Package cleveref Info: loaded `english' language definitions on input line 475.
 [53])
Package cleveref Info: loaded `english' language definitions on input line 143.
 [54]
\openout2 = `Application.aux'.

 (./Application.tex [55




]
Package cleveref Info: loaded `english' language definitions on input line 64.
 [56]
Package cleveref Info: loaded `english' language definitions on input line 100.
 [57]
Package cleveref Info: loaded `english' language definitions on input line 139.
 [58]
Package cleveref Info: loaded `english' language definitions on input line 178.
 [59])
Package cleveref Info: loaded `english' language definitions on input line 144.
 [60]
\openout2 = `Appendix_Switching_Limits.aux'.

 (./Appendix_Switching_Limits.tex) [61




]
\openout2 = `Appendix_Radon_Nikodym.aux'.

 (./Appendix_Radon_Nikodym.tex [62




] [63]
Package cleveref Info: loaded `english' language definitions on input line 124.
 [64]
Package cleveref Info: loaded `english' language definitions on input line 186.
 [65]
Package cleveref Info: loaded `english' language definitions on input line 229.
 [66]
Overfull \hbox (7.7522pt too wide) detected at line 264
\FML/futmi/m/it/10.95 G \FMS/futm/m/n/10.95  [] \FML/futmi/m/it/10.95 ;
 []

Package cleveref Info: loaded `english' language definitions on input line 297.
[67]
Package cleveref Info: loaded `english' language definitions on input line 358.
 [68]
Package cleveref Info: loaded `english' language definitions on input line 423.
 [69])
Package cleveref Info: loaded `english' language definitions on input line 152.
 [70]
\openout2 = `Appendix_Application_to_Analysis.aux'.

 (./Appendix_Application_to_Analysis.tex
Overfull \hbox (1.64697pt too wide) in paragraph at lines 6--7
[]\T1/futs/m/it/10.95 (-20) Let $\FML/futmi/m/it/10.95 C \FMS/futm/m/n/10.95 ^^R \U/futm/m/n/10.95 R[]$ \T1/futs/m/it/10.95 (-20) be a com-pact set (with the usual topol-ogy). Let $\FML/futmi/m/it/10.95 l; u [] [] C \FMS/futm/m/n/10.95 !
 []


Overfull \hbox (1.06409pt too wide) in paragraph at lines 18--19
[]\T1/futs/m/n/10.95 (-20) We know, from The-o-rem [][]5.1.4[][], that Rie-mann in-te-gra-tion co-in-cides with Lebesgue
 []

[71




])
Package cleveref Info: loaded `english' language definitions on input line 153.
 [72] (./Final.bbl (./Final.brf)
\tf@brf=\write6
\openout6 = `Final.brf'.


bibitemlist
** WARNING: IEEEtran.bst: No hyphenation pattern has been
** loaded for the language `French'. Using the pattern for
** the default language instead.
** WARNING: IEEEtran.bst: No hyphenation pattern has been
** loaded for the language `French'. Using the pattern for
** the default language instead.
** WARNING: IEEEtran.bst: No hyphenation pattern has been
** loaded for the language `Catalan'. Using the pattern for
** the default language instead.
)
\tf@thm=\write7
\openout7 = `Final.thm'.

 [73




]
\tf@toc=\write8
\openout8 = `Final.toc'.

 (./Final.aux
Package cleveref Info: loaded `english' language definitions on input line 14.
 (./Introduction.aux) (./Elementary_Measure_Theory.aux) (./Advanced_Measure_Theory.aux) (./Product_spaces.aux) (./Application.aux) (./Appendix_Switching_Limits.aux) (./Appendix_Radon_Nikodym.aux) (./Appendix_Application_to_Analysis.aux))
 ***********
LaTeX2e <2023-11-01> patch level 1
L3 programming layer <2020/03/25>
 ***********
Package rerunfilecheck Info: File `Final.out' has not changed.
(rerunfilecheck)             Checksum: 0A34073E617B80A5A4B15D81516BBA9B;4172.
Package rerunfilecheck Info: File `Final.brf' has not changed.
(rerunfilecheck)             Checksum: EC1BFB5EA38D670D85894286BD38FB69;949.
 ) 
Here is how much of TeX's memory you used:
 39904 strings out of 474116
 798584 string characters out of 5750249
 1951187 words of memory out of 5000000
 60290 multiletter control sequences out of 15000+600000
 813681 words of font info for 707 fonts, out of 8000000 for 9000
 1141 hyphenation exceptions out of 8191
 99i,25n,107p,1241b,1440s stack positions out of 10000i,1000n,20000p,200000b,200000s
</usr/share/texmf-dist/fonts/type1/public/fourier/fourier-bb.pfb></usr/share/texmf-dist/fonts/type1/public/fourier/fourier-mcl.pfb></usr/share/texmf-dist/fonts/type1/public/fourier/fourier-mex.pfb></usr/share/texmf-dist/fonts/type1/public/fourier/fourier-ml.pfb></usr/share/texmf-dist/fonts/type1/public/fourier/fourier-mlit.pfb></usr/share/texmf-dist/fonts/type1/public/fourier/fourier-mlitb.pfb></usr/share/texmf-dist/fonts/type1/public/fourier/fourier-ms.pfb></usr/share/texmf-dist/fonts/type1/public/lm/lmss10.pfb></usr/share/texmf-dist/fonts/type1/public/lm/lmssbx10.pfb></usr/share/texmf-dist/fonts/type1/public/lm/lmsso12.pfb></usr/share/texmf-dist/fonts/type1/public/amsfonts/symbols/msam10.pfb></usr/share/texmf-dist/fonts/type1/adobe/utopia/putb8a.pfb></usr/share/texmf-dist/fonts/type1/adobe/utopia/putbi8a.pfb></usr/share/texmf-dist/fonts/type1/adobe/utopia/putr8a.pfb></usr/share/texmf-dist/fonts/type1/adobe/utopia/putri8a.pfb></usr/share/texmf-dist/fonts/type1/public/rsfs/rsfs10.pfb>
Output written on Final.pdf (81 pages, 622937 bytes).
PDF statistics:
 1380 PDF objects out of 1440 (max. 8388607)
 1249 compressed objects within 13 object streams
 492 named destinations out of 1000 (max. 500000)
 141511 words of extra memory for PDF output out of 154059 (max. 10000000)

